[{"stream_name":"stderr","time":7.918785937,"data":"/usr/local/lib/python3.12/dist-packages/nbformat/__init__.py:96: MissingIDFieldWarning: Cell is missing an id field, this will become a hard error in future nbformat versions. You may want to use `normalize()` on your notebooks before validations (available since nbformat 5.1.4). Previous versions of nbformat are fixing this issue transparently, and will stop doing so in the future.\n"}
,{"stream_name":"stderr","time":7.91885127,"data":"  validate(nb)\n"}
,{"stream_name":"stderr","time":9.195724337,"data":"0.00s - Debugger warning: It seems that frozen modules are being used, which may\n"}
,{"stream_name":"stderr","time":9.19575705,"data":"0.00s - make the debugger miss breakpoints. Please pass -Xfrozen_modules=off\n"}
,{"stream_name":"stderr","time":9.19576293,"data":"0.00s - to python to disable frozen modules.\n"}
,{"stream_name":"stderr","time":9.195767625,"data":"0.00s - Note: Debugging will proceed. Set PYDEVD_DISABLE_FILE_VALIDATION=1 to disable this validation.\n"}
,{"stream_name":"stderr","time":10.056815405,"data":"0.00s - Debugger warning: It seems that frozen modules are being used, which may\n"}
,{"stream_name":"stderr","time":10.056853837,"data":"0.00s - make the debugger miss breakpoints. Please pass -Xfrozen_modules=off\n"}
,{"stream_name":"stderr","time":10.056860097,"data":"0.00s - to python to disable frozen modules.\n"}
,{"stream_name":"stderr","time":10.056867185,"data":"0.00s - Note: Debugging will proceed. Set PYDEVD_DISABLE_FILE_VALIDATION=1 to disable this validation.\n"}
,{"stream_name":"stdout","time":15.381255758,"data":"mounts under /kaggle/input: ['competitions']\n"}
,{"stream_name":"stdout","time":15.381448045,"data":"  competitions/: ['playground-series-s6e4']\n"}
,{"stream_name":"stdout","time":15.381470857,"data":"FALLBACK input_dir=/kaggle/input/competitions/playground-series-s6e4\n"}
,{"stream_name":"stderr","time":16.122884528,"data":"Traceback (most recent call last):\n"}
,{"stream_name":"stderr","time":16.122914438,"data":"  File \"\u003cstring\u003e\", line 1, in \u003cmodule\u003e\n"}
,{"stream_name":"stderr","time":16.122922694,"data":"  File \"/usr/local/lib/python3.12/dist-packages/papermill/execute.py\", line 131, in execute_notebook\n"}
,{"stream_name":"stderr","time":16.123045328,"data":"    raise_for_execution_errors(nb, output_path)\n"}
,{"stream_name":"stderr","time":16.123168161,"data":"  File \"/usr/local/lib/python3.12/dist-packages/papermill/execute.py\", line 251, in raise_for_execution_errors\n"}
,{"stream_name":"stderr","time":16.123327693,"data":"    raise error\n"}
,{"stream_name":"stderr","time":16.123528902,"data":"papermill.exceptions.PapermillExecutionError: \n"}
,{"stream_name":"stderr","time":16.123544289,"data":"---------------------------------------------------------------------------\n"}
,{"stream_name":"stderr","time":16.123551487,"data":"Exception encountered at \"In [6]\":\n"}
,{"stream_name":"stderr","time":16.123558134,"data":"---------------------------------------------------------------------------\n"}
,{"stream_name":"stderr","time":16.123564977,"data":"KeyError                                  Traceback (most recent call last)\n"}
,{"stream_name":"stderr","time":16.123571096,"data":"/tmp/ipykernel_16/3606987116.py in \u003ccell line: 0\u003e()\n"}
,{"stream_name":"stderr","time":16.123576844,"data":"     40 cfg_path = pathlib.Path(\"/kaggle/working/iteration_config.yaml\")\n"}
,{"stream_name":"stderr","time":16.123582411,"data":"     41 cfg_path.write_text(CONFIG_YAML)\n"}
,{"stream_name":"stderr","time":16.123587701,"data":"---\u003e 42 metrics = run(\n"}
,{"stream_name":"stderr","time":16.123592953,"data":"     43     config_path=str(cfg_path),\n"}
,{"stream_name":"stderr","time":16.123620009,"data":"     44     input_dir=input_dir,\n"}
,{"stream_name":"stderr","time":16.123626617,"data":"\n"}
,{"stream_name":"stderr","time":16.123630569,"data":"/tmp/ipykernel_16/4107022684.py in run(config_path, input_dir, output_dir)\n"}
,{"stream_name":"stderr","time":16.123636706,"data":"     78         extra_cfg[\"mount_dir\"] = f\"/kaggle/input/{extra_cfg['slug'].split('/')[-1]}\"\n"}
,{"stream_name":"stderr","time":16.123641328,"data":"     79     X, y, X_test, test_ids, inverse_label_map, is_original = load(\n"}
,{"stream_name":"stderr","time":16.1236463,"data":"---\u003e 80         Path(input_dir), cfg[\"target\"], cfg[\"id_col\"], extra_dataset=extra_cfg,\n"}
,{"stream_name":"stderr","time":16.123651811,"data":"     81     )\n"}
,{"stream_name":"stderr","time":16.123656483,"data":"     82     log_lines.append(f\"train={X.shape}  test={X_test.shape}  external_rows={int(is_original.sum())}\")\n"}
,{"stream_name":"stderr","time":16.123661823,"data":"\n"}
,{"stream_name":"stderr","time":16.123665755,"data":"KeyError: 'target'\n"}
,{"stream_name":"stderr","time":16.12366977,"data":"\n"}
,{"stream_name":"stderr","time":18.948161248,"data":"/usr/local/lib/python3.12/dist-packages/mistune.py:435: SyntaxWarning: invalid escape sequence '\\|'\n"}
,{"stream_name":"stderr","time":18.948203533,"data":"  cells[i][c] = re.sub('\\\\\\\\\\|', '|', cell)\n"}
,{"stream_name":"stderr","time":19.160518069,"data":"/usr/local/lib/python3.12/dist-packages/nbconvert/filters/filter_links.py:36: SyntaxWarning: invalid escape sequence '\\_'\n"}
,{"stream_name":"stderr","time":19.160557381,"data":"  text = re.sub(r'_', '\\_', text) # Escape underscores in display text\n"}
,{"stream_name":"stderr","time":20.013021897,"data":"[NbConvertApp] Converting notebook __notebook__.ipynb to notebook\n"}
,{"stream_name":"stderr","time":20.412847518,"data":"[NbConvertApp] Writing 111997 bytes to __notebook__.ipynb\n"}
,{"stream_name":"stderr","time":23.731619787,"data":"[NbConvertApp] Converting notebook __notebook__.ipynb to html\n"}
,{"stream_name":"stderr","time":25.262870692,"data":"[NbConvertApp] Writing 700440 bytes to __results__.html\n"}
]